2013/12/16 21:53:21 [error] [exception.CHttpException.404] exception 'CHttpException' with message 'Unable to resolve the request "index".' in D:\work\yiitest\framework\web\CWebApplication.php:286
Stack trace:
#0 D:\work\yiitest\framework\web\CWebApplication.php(141): CWebApplication->runController('')
#1 D:\work\yiitest\framework\base\CApplication.php(169): CWebApplication->processRequest()
#2 D:\work\yiitest\blog\index.php(13): CApplication->run()
#3 {main}
REQUEST_URI=/blog/
---
2013/12/17 14:24:01 [error] [exception.CHttpException.404] exception 'CHttpException' with message 'The system is unable to find the requested action "index".' in D:\work\yiitest\framework\web\CController.php:483
Stack trace:
#0 D:\work\yiitest\framework\web\CController.php(270): CController->missingAction('')
#1 D:\work\yiitest\framework\web\CWebApplication.php(282): CController->run('')
#2 D:\work\yiitest\framework\web\CWebApplication.php(141): CWebApplication->runController('')
#3 D:\work\yiitest\framework\base\CApplication.php(169): CWebApplication->processRequest()
#4 D:\work\yiitest\blog\index.php(13): CApplication->run()
#5 {main}
REQUEST_URI=/blog/
HTTP_REFERER=http://yii.com/
---
2013/12/17 14:29:23 [error] [exception.CException] exception 'CException' with message 'IndexController cannot find the requested view "index".' in D:\work\yiitest\framework\web\CController.php:878
Stack trace:
#0 D:\work\yiitest\framework\web\CController.php(782): CController->renderPartial('index', NULL, true)
#1 D:\work\yiitest\blog\protected\controllers\IndexController.php(7): CController->render('index')
#2 D:\work\yiitest\framework\web\actions\CInlineAction.php(49): IndexController->actionIndex()
#3 D:\work\yiitest\framework\web\CController.php(308): CInlineAction->runWithParams(Array)
#4 D:\work\yiitest\framework\web\CController.php(286): CController->runAction(Object(CInlineAction))
#5 D:\work\yiitest\framework\web\CController.php(265): CController->runActionWithFilters(Object(CInlineAction), Array)
#6 D:\work\yiitest\framework\web\CWebApplication.php(282): CController->run('index')
#7 D:\work\yiitest\framework\web\CWebApplication.php(141): CWebApplication->runController('index/index')
#8 D:\work\yiitest\framework\base\CApplication.php(169): CWebApplication->processRequest()
#9 D:\work\yiitest\blog\index.php(13): CApplication->run()
#10 {main}
REQUEST_URI=/blog/index.php?r=index/index
---
2013/12/17 19:53:56 [error] [exception.CHttpException.404] exception 'CHttpException' with message 'Unable to resolve the request "admin".' in D:\work\yiitest\framework\web\CWebApplication.php:286
Stack trace:
#0 D:\work\yiitest\framework\web\CWebApplication.php(141): CWebApplication->runController('admin')
#1 D:\work\yiitest\framework\base\CApplication.php(169): CWebApplication->processRequest()
#2 D:\work\yiitest\blog\index.php(14): CApplication->run()
#3 {main}
REQUEST_URI=/blog/index.php?r=admin
---
2013/12/17 20:07:24 [error] [exception.CHttpException.404] exception 'CHttpException' with message 'Unable to resolve the request "admin".' in D:\work\yiitest\framework\web\CWebApplication.php:286
Stack trace:
#0 D:\work\yiitest\framework\web\CWebApplication.php(141): CWebApplication->runController('admin')
#1 D:\work\yiitest\framework\base\CApplication.php(169): CWebApplication->processRequest()
#2 D:\work\yiitest\blog\index.php(14): CApplication->run()
#3 {main}
REQUEST_URI=/blog/index.php?r=admin
---
2013/12/18 10:13:30 [error] [exception.CHttpException.404] exception 'CHttpException' with message 'Unable to resolve the request "admin".' in D:\work\yiitest\framework\web\CWebApplication.php:286
Stack trace:
#0 D:\work\yiitest\framework\web\CWebApplication.php(141): CWebApplication->runController('admin')
#1 D:\work\yiitest\framework\base\CApplication.php(169): CWebApplication->processRequest()
#2 D:\work\yiitest\blog\index.php(14): CApplication->run()
#3 {main}
REQUEST_URI=/blog/index.php?r=admin
---
2013/12/18 10:41:21 [error] [php] Missing argument 1 for CActiveForm::textField(), called in D:\work\yiitest\blog\protected\modules\admin\views\login\index.php on line 12 and defined (D:\work\yiitest\framework\web\widgets\CActiveForm.php:655)
Stack trace:
#0 D:\work\yiitest\framework\web\CBaseController.php(95): LoginController->renderInternal()
#1 D:\work\yiitest\framework\web\CController.php(869): LoginController->renderFile()
#2 D:\work\yiitest\blog\protected\modules\admin\controllers\LoginController.php(8): LoginController->renderPartial()
#3 D:\work\yiitest\framework\web\actions\CInlineAction.php(49): LoginController->actionIndex()
#4 D:\work\yiitest\framework\web\CController.php(308): CInlineAction->runWithParams()
#5 D:\work\yiitest\framework\web\CController.php(286): LoginController->runAction()
#6 D:\work\yiitest\framework\web\CController.php(265): LoginController->runActionWithFilters()
#7 D:\work\yiitest\framework\web\CWebApplication.php(282): LoginController->run()
#8 D:\work\yiitest\framework\web\CWebApplication.php(141): CWebApplication->runController()
#9 D:\work\yiitest\framework\base\CApplication.php(169): CWebApplication->processRequest()
#10 D:\work\yiitest\blog\index.php(14): CWebApplication->run()
REQUEST_URI=/blog/index.php?r=admin/login
in D:\work\yiitest\blog\protected\modules\admin\views\login\index.php (12)
in D:\work\yiitest\blog\protected\modules\admin\controllers\LoginController.php (8)
in D:\work\yiitest\blog\index.php (14)
2013/12/18 10:41:25 [error] [php] Missing argument 1 for CActiveForm::textField(), called in D:\work\yiitest\blog\protected\modules\admin\views\login\index.php on line 12 and defined (D:\work\yiitest\framework\web\widgets\CActiveForm.php:655)
Stack trace:
#0 D:\work\yiitest\framework\web\CBaseController.php(95): LoginController->renderInternal()
#1 D:\work\yiitest\framework\web\CController.php(869): LoginController->renderFile()
#2 D:\work\yiitest\blog\protected\modules\admin\controllers\LoginController.php(8): LoginController->renderPartial()
#3 D:\work\yiitest\framework\web\actions\CInlineAction.php(49): LoginController->actionIndex()
#4 D:\work\yiitest\framework\web\CController.php(308): CInlineAction->runWithParams()
#5 D:\work\yiitest\framework\web\CController.php(286): LoginController->runAction()
#6 D:\work\yiitest\framework\web\CController.php(265): LoginController->runActionWithFilters()
#7 D:\work\yiitest\framework\web\CWebApplication.php(282): LoginController->run()
#8 D:\work\yiitest\framework\web\CWebApplication.php(141): CWebApplication->runController()
#9 D:\work\yiitest\framework\base\CApplication.php(169): CWebApplication->processRequest()
#10 D:\work\yiitest\blog\index.php(14): CWebApplication->run()
REQUEST_URI=/blog/index.php?r=admin/login
in D:\work\yiitest\blog\protected\modules\admin\views\login\index.php (12)
in D:\work\yiitest\blog\protected\modules\admin\controllers\LoginController.php (8)
in D:\work\yiitest\blog\index.php (14)
2013/12/18 10:46:33 [error] [exception.CException] exception 'CException' with message 'Property "LoginForm.passwd" is not defined.' in D:\work\yiitest\framework\base\CComponent.php:130
Stack trace:
#0 D:\work\yiitest\framework\web\helpers\CHtml.php(2255): CComponent->__get('passwd')
#1 D:\work\yiitest\framework\web\helpers\CHtml.php(1980): CHtml::resolveValue(Object(LoginForm), 'passwd')
#2 D:\work\yiitest\framework\web\helpers\CHtml.php(1391): CHtml::activeInputField('password', Object(LoginForm), 'passwd', Array)
#3 D:\work\yiitest\framework\web\widgets\CActiveForm.php(687): CHtml::activePasswordField(Object(LoginForm), 'passwd', Array)
#4 D:\work\yiitest\blog\protected\modules\admin\views\login\index.php(14): CActiveForm->passwordField(Object(LoginForm), 'passwd', Array)
#5 D:\work\yiitest\framework\web\CBaseController.php(126): require('D:\work\yiitest...')
#6 D:\work\yiitest\framework\web\CBaseController.php(95): CBaseController->renderInternal('D:\work\yiitest...', Array, true)
#7 D:\work\yiitest\framework\web\CController.php(869): CBaseController->renderFile('D:\work\yiitest...', Array, true)
#8 D:\work\yiitest\blog\protected\modules\admin\controllers\LoginController.php(8): CController->renderPartial('index', Array)
#9 D:\work\yiitest\framework\web\actions\CInlineAction.php(49): LoginController->actionIndex()
#10 D:\work\yiitest\framework\web\CController.php(308): CInlineAction->runWithParams(Array)
#11 D:\work\yiitest\framework\web\CController.php(286): CController->runAction(Object(CInlineAction))
#12 D:\work\yiitest\framework\web\CController.php(265): CController->runActionWithFilters(Object(CInlineAction), Array)
#13 D:\work\yiitest\framework\web\CWebApplication.php(282): CController->run('')
#14 D:\work\yiitest\framework\web\CWebApplication.php(141): CWebApplication->runController('admin/login')
#15 D:\work\yiitest\framework\base\CApplication.php(169): CWebApplication->processRequest()
#16 D:\work\yiitest\blog\index.php(14): CApplication->run()
#17 {main}
REQUEST_URI=/blog/index.php?r=admin/login
---
2013/12/18 10:49:25 [error] [exception.CException] exception 'CException' with message 'Property "LoginForm.captcha" is not defined.' in D:\work\yiitest\framework\base\CComponent.php:130
Stack trace:
#0 D:\work\yiitest\framework\web\helpers\CHtml.php(2255): CComponent->__get('captcha')
#1 D:\work\yiitest\framework\web\helpers\CHtml.php(1980): CHtml::resolveValue(Object(LoginForm), 'captcha')
#2 D:\work\yiitest\framework\web\helpers\CHtml.php(1257): CHtml::activeInputField('text', Object(LoginForm), 'captcha', Array)
#3 D:\work\yiitest\framework\web\widgets\CActiveForm.php(657): CHtml::activeTextField(Object(LoginForm), 'captcha', Array)
#4 D:\work\yiitest\blog\protected\modules\admin\views\login\index.php(16): CActiveForm->textField(Object(LoginForm), 'captcha', Array)
#5 D:\work\yiitest\framework\web\CBaseController.php(126): require('D:\work\yiitest...')
#6 D:\work\yiitest\framework\web\CBaseController.php(95): CBaseController->renderInternal('D:\work\yiitest...', Array, true)
#7 D:\work\yiitest\framework\web\CController.php(869): CBaseController->renderFile('D:\work\yiitest...', Array, true)
#8 D:\work\yiitest\blog\protected\modules\admin\controllers\LoginController.php(8): CController->renderPartial('index', Array)
#9 D:\work\yiitest\framework\web\actions\CInlineAction.php(49): LoginController->actionIndex()
#10 D:\work\yiitest\framework\web\CController.php(308): CInlineAction->runWithParams(Array)
#11 D:\work\yiitest\framework\web\CController.php(286): CController->runAction(Object(CInlineAction))
#12 D:\work\yiitest\framework\web\CController.php(265): CController->runActionWithFilters(Object(CInlineAction), Array)
#13 D:\work\yiitest\framework\web\CWebApplication.php(282): CController->run('')
#14 D:\work\yiitest\framework\web\CWebApplication.php(141): CWebApplication->runController('admin/login')
#15 D:\work\yiitest\framework\base\CApplication.php(169): CWebApplication->processRequest()
#16 D:\work\yiitest\blog\index.php(14): CApplication->run()
#17 {main}
REQUEST_URI=/blog/index.php?r=admin/login
---
2013/12/18 11:20:49 [error] [exception.CHttpException.404] exception 'CHttpException' with message 'The system is unable to find the requested action "actions".' in D:\work\yiitest\framework\web\CController.php:483
Stack trace:
#0 D:\work\yiitest\framework\web\CController.php(270): CController->missingAction('actions')
#1 D:\work\yiitest\framework\web\CWebApplication.php(282): CController->run('actions')
#2 D:\work\yiitest\framework\web\CWebApplication.php(141): CWebApplication->runController('admin/login/act...')
#3 D:\work\yiitest\framework\base\CApplication.php(169): CWebApplication->processRequest()
#4 D:\work\yiitest\blog\index.php(14): CApplication->run()
#5 {main}
REQUEST_URI=/blog/index.php?r=admin/login/actions
---
2013/12/18 11:21:06 [error] [exception.CHttpException.404] exception 'CHttpException' with message 'The system is unable to find the requested action "actions".' in D:\work\yiitest\framework\web\CController.php:483
Stack trace:
#0 D:\work\yiitest\framework\web\CController.php(270): CController->missingAction('actions')
#1 D:\work\yiitest\framework\web\CWebApplication.php(282): CController->run('actions')
#2 D:\work\yiitest\framework\web\CWebApplication.php(141): CWebApplication->runController('admin/login/act...')
#3 D:\work\yiitest\framework\base\CApplication.php(169): CWebApplication->processRequest()
#4 D:\work\yiitest\blog\index.php(14): CApplication->run()
#5 {main}
REQUEST_URI=/blog/index.php?r=admin/login/actions
---
2013/12/18 11:21:07 [error] [exception.CHttpException.404] exception 'CHttpException' with message 'The system is unable to find the requested action "actions".' in D:\work\yiitest\framework\web\CController.php:483
Stack trace:
#0 D:\work\yiitest\framework\web\CController.php(270): CController->missingAction('actions')
#1 D:\work\yiitest\framework\web\CWebApplication.php(282): CController->run('actions')
#2 D:\work\yiitest\framework\web\CWebApplication.php(141): CWebApplication->runController('admin/login/act...')
#3 D:\work\yiitest\framework\base\CApplication.php(169): CWebApplication->processRequest()
#4 D:\work\yiitest\blog\index.php(14): CApplication->run()
#5 {main}
REQUEST_URI=/blog/index.php?r=admin/login/actions
---
2013/12/18 11:21:38 [error] [exception.CException] exception 'CException' with message 'Alias "system.web.widget.captcha.CCaptchaAction" is invalid. Make sure it points to an existing PHP file and the file is readable.' in D:\work\yiitest\framework\YiiBase.php:316
Stack trace:
#0 D:\work\yiitest\framework\YiiBase.php(196): YiiBase::import('system.web.widg...', true)
#1 D:\work\yiitest\framework\web\CController.php(440): YiiBase::createComponent(Array, Object(LoginController), 'captcha')
#2 D:\work\yiitest\framework\web\CController.php(417): CController->createActionFromMap(Array, 'captcha', 'captcha')
#3 D:\work\yiitest\framework\web\CController.php(259): CController->createAction('captcha')
#4 D:\work\yiitest\framework\web\CWebApplication.php(282): CController->run('captcha')
#5 D:\work\yiitest\framework\web\CWebApplication.php(141): CWebApplication->runController('admin/login/cap...')
#6 D:\work\yiitest\framework\base\CApplication.php(169): CWebApplication->processRequest()
#7 D:\work\yiitest\blog\index.php(14): CApplication->run()
#8 {main}
REQUEST_URI=/blog/index.php?r=admin/login/captcha
---
2013/12/19 13:28:27 [error] [php] get_declared_classes() expects exactly 0 parameters, 1 given (D:\work\yiitest\blog\protected\modules\admin\controllers\LoginController.php:40)
Stack trace:
#0 D:\work\yiitest\framework\web\CController.php(308): CInlineAction->runWithParams()
#1 D:\work\yiitest\framework\web\CController.php(286): LoginController->runAction()
#2 D:\work\yiitest\framework\web\CController.php(265): LoginController->runActionWithFilters()
#3 D:\work\yiitest\framework\web\CWebApplication.php(282): LoginController->run()
#4 D:\work\yiitest\framework\web\CWebApplication.php(141): CWebApplication->runController()
#5 D:\work\yiitest\framework\base\CApplication.php(169): CWebApplication->processRequest()
#6 D:\work\yiitest\blog\index.php(14): CWebApplication->run()
REQUEST_URI=/blog/index.php?r=admin/login/out
in D:\work\yiitest\blog\protected\modules\admin\controllers\LoginController.php (40)
in D:\work\yiitest\blog\index.php (14)
2013/12/19 13:29:12 [error] [php] get_class_vars() expects parameter 1 to be string, object given (D:\work\yiitest\blog\protected\modules\admin\controllers\LoginController.php:42)
Stack trace:
#0 D:\work\yiitest\framework\web\CController.php(308): CInlineAction->runWithParams()
#1 D:\work\yiitest\framework\web\CController.php(286): LoginController->runAction()
#2 D:\work\yiitest\framework\web\CController.php(265): LoginController->runActionWithFilters()
#3 D:\work\yiitest\framework\web\CWebApplication.php(282): LoginController->run()
#4 D:\work\yiitest\framework\web\CWebApplication.php(141): CWebApplication->runController()
#5 D:\work\yiitest\framework\base\CApplication.php(169): CWebApplication->processRequest()
#6 D:\work\yiitest\blog\index.php(14): CWebApplication->run()
REQUEST_URI=/blog/index.php?r=admin/login/out
in D:\work\yiitest\blog\protected\modules\admin\controllers\LoginController.php (42)
in D:\work\yiitest\blog\index.php (14)
2013/12/19 14:08:40 [error] [exception.CHttpException.404] exception 'CHttpException' with message 'The system is unable to find the requested action "copy".' in D:\work\yiitest\framework\web\CController.php:483
Stack trace:
#0 D:\work\yiitest\framework\web\CController.php(270): CController->missingAction('copy')
#1 D:\work\yiitest\framework\web\CWebApplication.php(282): CController->run('copy')
#2 D:\work\yiitest\framework\web\CWebApplication.php(141): CWebApplication->runController('admin/index/cop...')
#3 D:\work\yiitest\framework\base\CApplication.php(169): CWebApplication->processRequest()
#4 D:\work\yiitest\blog\index.php(14): CApplication->run()
#5 {main}
REQUEST_URI=/blog/index.php?r=admin/index/copy
HTTP_REFERER=http://yii.com/blog/index.php?r=admin/index/index
---
2013/12/19 19:33:35 [warning] [application] Failed to set unsafe attribute "newpassword" of "User".
in D:\work\yiitest\blog\protected\modules\admin\controllers\UserController.php (14)
in D:\work\yiitest\blog\index.php (14)
2013/12/19 19:33:35 [warning] [application] Failed to set unsafe attribute "renewpassword" of "User".
in D:\work\yiitest\blog\protected\modules\admin\controllers\UserController.php (14)
in D:\work\yiitest\blog\index.php (14)
2013/12/19 19:34:24 [warning] [application] Failed to set unsafe attribute "newpassword" of "User".
in D:\work\yiitest\blog\protected\modules\admin\controllers\UserController.php (14)
in D:\work\yiitest\blog\index.php (14)
2013/12/19 19:34:24 [warning] [application] Failed to set unsafe attribute "renewpassword" of "User".
in D:\work\yiitest\blog\protected\modules\admin\controllers\UserController.php (14)
in D:\work\yiitest\blog\index.php (14)
2013/12/19 20:03:03 [error] [exception.CException] exception 'CException' with message 'UserController and its behaviors do not have a method or closure named "find".' in D:\work\yiitest\framework\base\CComponent.php:265
Stack trace:
#0 D:\work\yiitest\blog\protected\modules\admin\controllers\UserController.php(14): CComponent->__call('find', Array)
#1 D:\work\yiitest\blog\protected\modules\admin\controllers\UserController.php(14): UserController->find('username=:name', Array)
#2 D:\work\yiitest\framework\web\actions\CInlineAction.php(49): UserController->actionPasswd()
#3 D:\work\yiitest\framework\web\CController.php(308): CInlineAction->runWithParams(Array)
#4 D:\work\yiitest\framework\web\CController.php(286): CController->runAction(Object(CInlineAction))
#5 D:\work\yiitest\framework\web\CController.php(265): CController->runActionWithFilters(Object(CInlineAction), Array)
#6 D:\work\yiitest\framework\web\CWebApplication.php(282): CController->run('passwd')
#7 D:\work\yiitest\framework\web\CWebApplication.php(141): CWebApplication->runController('admin/user/pass...')
#8 D:\work\yiitest\framework\base\CApplication.php(169): CWebApplication->processRequest()
#9 D:\work\yiitest\blog\index.php(14): CApplication->run()
#10 {main}
REQUEST_URI=/blog/index.php?r=admin/user/passwd
HTTP_REFERER=http://yii.com/blog/index.php?r=admin/user/passwd
---
2013/12/20 14:05:26 [error] [php] include(.php): failed to open stream: No such file or directory (D:\work\yiitest\framework\YiiBase.php:421)
Stack trace:
#0 D:\work\yiitest\framework\web\CWidgetFactory.php(146): import()
#1 D:\work\yiitest\framework\web\CBaseController.php(146): CWidgetFactory->createWidget()
#2 D:\work\yiitest\framework\web\CBaseController.php(189): UserController->createWidget()
#3 D:\work\yiitest\blog\protected\modules\admin\controllers\UserController.php(26): UserController->beginWidget()
#4 D:\work\yiitest\framework\web\actions\CInlineAction.php(49): UserController->actionPasswd()
#5 D:\work\yiitest\framework\web\CController.php(308): CInlineAction->runWithParams()
#6 D:\work\yiitest\framework\web\CController.php(286): UserController->runAction()
#7 D:\work\yiitest\framework\web\CController.php(265): UserController->runActionWithFilters()
#8 D:\work\yiitest\framework\web\CWebApplication.php(282): UserController->run()
#9 D:\work\yiitest\framework\web\CWebApplication.php(141): CWebApplication->runController()
#10 D:\work\yiitest\framework\base\CApplication.php(169): CWebApplication->processRequest()
#11 D:\work\yiitest\blog\index.php(14): CWebApplication->run()
REQUEST_URI=/blog/index.php?r=admin/user/passwd
in D:\work\yiitest\blog\protected\modules\admin\controllers\UserController.php (26)
in D:\work\yiitest\blog\index.php (14)
2013/12/20 14:05:28 [error] [php] include(.php): failed to open stream: No such file or directory (D:\work\yiitest\framework\YiiBase.php:421)
Stack trace:
#0 D:\work\yiitest\framework\web\CWidgetFactory.php(146): import()
#1 D:\work\yiitest\framework\web\CBaseController.php(146): CWidgetFactory->createWidget()
#2 D:\work\yiitest\framework\web\CBaseController.php(189): UserController->createWidget()
#3 D:\work\yiitest\blog\protected\modules\admin\controllers\UserController.php(26): UserController->beginWidget()
#4 D:\work\yiitest\framework\web\actions\CInlineAction.php(49): UserController->actionPasswd()
#5 D:\work\yiitest\framework\web\CController.php(308): CInlineAction->runWithParams()
#6 D:\work\yiitest\framework\web\CController.php(286): UserController->runAction()
#7 D:\work\yiitest\framework\web\CController.php(265): UserController->runActionWithFilters()
#8 D:\work\yiitest\framework\web\CWebApplication.php(282): UserController->run()
#9 D:\work\yiitest\framework\web\CWebApplication.php(141): CWebApplication->runController()
#10 D:\work\yiitest\framework\base\CApplication.php(169): CWebApplication->processRequest()
#11 D:\work\yiitest\blog\index.php(14): CWebApplication->run()
REQUEST_URI=/blog/index.php?r=admin/user/passwd
in D:\work\yiitest\blog\protected\modules\admin\controllers\UserController.php (26)
in D:\work\yiitest\blog\index.php (14)
2013/12/20 14:05:29 [error] [php] include(.php): failed to open stream: No such file or directory (D:\work\yiitest\framework\YiiBase.php:421)
Stack trace:
#0 D:\work\yiitest\framework\web\CWidgetFactory.php(146): import()
#1 D:\work\yiitest\framework\web\CBaseController.php(146): CWidgetFactory->createWidget()
#2 D:\work\yiitest\framework\web\CBaseController.php(189): UserController->createWidget()
#3 D:\work\yiitest\blog\protected\modules\admin\controllers\UserController.php(26): UserController->beginWidget()
#4 D:\work\yiitest\framework\web\actions\CInlineAction.php(49): UserController->actionPasswd()
#5 D:\work\yiitest\framework\web\CController.php(308): CInlineAction->runWithParams()
#6 D:\work\yiitest\framework\web\CController.php(286): UserController->runAction()
#7 D:\work\yiitest\framework\web\CController.php(265): UserController->runActionWithFilters()
#8 D:\work\yiitest\framework\web\CWebApplication.php(282): UserController->run()
#9 D:\work\yiitest\framework\web\CWebApplication.php(141): CWebApplication->runController()
#10 D:\work\yiitest\framework\base\CApplication.php(169): CWebApplication->processRequest()
#11 D:\work\yiitest\blog\index.php(14): CWebApplication->run()
REQUEST_URI=/blog/index.php?r=admin/user/passwd
in D:\work\yiitest\blog\protected\modules\admin\controllers\UserController.php (26)
in D:\work\yiitest\blog\index.php (14)
2013/12/20 14:05:29 [error] [php] include(.php): failed to open stream: No such file or directory (D:\work\yiitest\framework\YiiBase.php:421)
Stack trace:
#0 D:\work\yiitest\framework\web\CWidgetFactory.php(146): import()
#1 D:\work\yiitest\framework\web\CBaseController.php(146): CWidgetFactory->createWidget()
#2 D:\work\yiitest\framework\web\CBaseController.php(189): UserController->createWidget()
#3 D:\work\yiitest\blog\protected\modules\admin\controllers\UserController.php(26): UserController->beginWidget()
#4 D:\work\yiitest\framework\web\actions\CInlineAction.php(49): UserController->actionPasswd()
#5 D:\work\yiitest\framework\web\CController.php(308): CInlineAction->runWithParams()
#6 D:\work\yiitest\framework\web\CController.php(286): UserController->runAction()
#7 D:\work\yiitest\framework\web\CController.php(265): UserController->runActionWithFilters()
#8 D:\work\yiitest\framework\web\CWebApplication.php(282): UserController->run()
#9 D:\work\yiitest\framework\web\CWebApplication.php(141): CWebApplication->runController()
#10 D:\work\yiitest\framework\base\CApplication.php(169): CWebApplication->processRequest()
#11 D:\work\yiitest\blog\index.php(14): CWebApplication->run()
REQUEST_URI=/blog/index.php?r=admin/user/passwd
in D:\work\yiitest\blog\protected\modules\admin\controllers\UserController.php (26)
in D:\work\yiitest\blog\index.php (14)
2013/12/20 14:05:30 [error] [php] include(.php): failed to open stream: No such file or directory (D:\work\yiitest\framework\YiiBase.php:421)
Stack trace:
#0 D:\work\yiitest\framework\web\CWidgetFactory.php(146): import()
#1 D:\work\yiitest\framework\web\CBaseController.php(146): CWidgetFactory->createWidget()
#2 D:\work\yiitest\framework\web\CBaseController.php(189): UserController->createWidget()
#3 D:\work\yiitest\blog\protected\modules\admin\controllers\UserController.php(26): UserController->beginWidget()
#4 D:\work\yiitest\framework\web\actions\CInlineAction.php(49): UserController->actionPasswd()
#5 D:\work\yiitest\framework\web\CController.php(308): CInlineAction->runWithParams()
#6 D:\work\yiitest\framework\web\CController.php(286): UserController->runAction()
#7 D:\work\yiitest\framework\web\CController.php(265): UserController->runActionWithFilters()
#8 D:\work\yiitest\framework\web\CWebApplication.php(282): UserController->run()
#9 D:\work\yiitest\framework\web\CWebApplication.php(141): CWebApplication->runController()
#10 D:\work\yiitest\framework\base\CApplication.php(169): CWebApplication->processRequest()
#11 D:\work\yiitest\blog\index.php(14): CWebApplication->run()
REQUEST_URI=/blog/index.php?r=admin/user/passwd
in D:\work\yiitest\blog\protected\modules\admin\controllers\UserController.php (26)
in D:\work\yiitest\blog\index.php (14)
2013/12/20 14:05:30 [error] [php] include(.php): failed to open stream: No such file or directory (D:\work\yiitest\framework\YiiBase.php:421)
Stack trace:
#0 D:\work\yiitest\framework\web\CWidgetFactory.php(146): import()
#1 D:\work\yiitest\framework\web\CBaseController.php(146): CWidgetFactory->createWidget()
#2 D:\work\yiitest\framework\web\CBaseController.php(189): UserController->createWidget()
#3 D:\work\yiitest\blog\protected\modules\admin\controllers\UserController.php(26): UserController->beginWidget()
#4 D:\work\yiitest\framework\web\actions\CInlineAction.php(49): UserController->actionPasswd()
#5 D:\work\yiitest\framework\web\CController.php(308): CInlineAction->runWithParams()
#6 D:\work\yiitest\framework\web\CController.php(286): UserController->runAction()
#7 D:\work\yiitest\framework\web\CController.php(265): UserController->runActionWithFilters()
#8 D:\work\yiitest\framework\web\CWebApplication.php(282): UserController->run()
#9 D:\work\yiitest\framework\web\CWebApplication.php(141): CWebApplication->runController()
#10 D:\work\yiitest\framework\base\CApplication.php(169): CWebApplication->processRequest()
#11 D:\work\yiitest\blog\index.php(14): CWebApplication->run()
REQUEST_URI=/blog/index.php?r=admin/user/passwd
in D:\work\yiitest\blog\protected\modules\admin\controllers\UserController.php (26)
in D:\work\yiitest\blog\index.php (14)
2013/12/20 14:05:31 [error] [php] include(.php): failed to open stream: No such file or directory (D:\work\yiitest\framework\YiiBase.php:421)
Stack trace:
#0 D:\work\yiitest\framework\web\CWidgetFactory.php(146): import()
#1 D:\work\yiitest\framework\web\CBaseController.php(146): CWidgetFactory->createWidget()
#2 D:\work\yiitest\framework\web\CBaseController.php(189): UserController->createWidget()
#3 D:\work\yiitest\blog\protected\modules\admin\controllers\UserController.php(26): UserController->beginWidget()
#4 D:\work\yiitest\framework\web\actions\CInlineAction.php(49): UserController->actionPasswd()
#5 D:\work\yiitest\framework\web\CController.php(308): CInlineAction->runWithParams()
#6 D:\work\yiitest\framework\web\CController.php(286): UserController->runAction()
#7 D:\work\yiitest\framework\web\CController.php(265): UserController->runActionWithFilters()
#8 D:\work\yiitest\framework\web\CWebApplication.php(282): UserController->run()
#9 D:\work\yiitest\framework\web\CWebApplication.php(141): CWebApplication->runController()
#10 D:\work\yiitest\framework\base\CApplication.php(169): CWebApplication->processRequest()
#11 D:\work\yiitest\blog\index.php(14): CWebApplication->run()
REQUEST_URI=/blog/index.php?r=admin/user/passwd
in D:\work\yiitest\blog\protected\modules\admin\controllers\UserController.php (26)
in D:\work\yiitest\blog\index.php (14)
2013/12/20 14:06:37 [error] [php] include(.php): failed to open stream: No such file or directory (D:\work\yiitest\framework\YiiBase.php:421)
Stack trace:
#0 D:\work\yiitest\framework\web\CWidgetFactory.php(146): import()
#1 D:\work\yiitest\framework\web\CBaseController.php(146): CWidgetFactory->createWidget()
#2 D:\work\yiitest\framework\web\CBaseController.php(189): UserController->createWidget()
#3 D:\work\yiitest\blog\protected\modules\admin\controllers\UserController.php(26): UserController->beginWidget()
#4 D:\work\yiitest\framework\web\actions\CInlineAction.php(49): UserController->actionPasswd()
#5 D:\work\yiitest\framework\web\CController.php(308): CInlineAction->runWithParams()
#6 D:\work\yiitest\framework\web\CController.php(286): UserController->runAction()
#7 D:\work\yiitest\framework\web\CController.php(265): UserController->runActionWithFilters()
#8 D:\work\yiitest\framework\web\CWebApplication.php(282): UserController->run()
#9 D:\work\yiitest\framework\web\CWebApplication.php(141): CWebApplication->runController()
#10 D:\work\yiitest\framework\base\CApplication.php(169): CWebApplication->processRequest()
#11 D:\work\yiitest\blog\index.php(14): CWebApplication->run()
REQUEST_URI=/blog/index.php?r=admin/user/passwd
in D:\work\yiitest\blog\protected\modules\admin\controllers\UserController.php (26)
in D:\work\yiitest\blog\index.php (14)
2013/12/20 14:15:22 [error] [exception.CException] exception 'CException' with message 'CateController cannot find the requested view "index".' in D:\work\yiitest\framework\web\CController.php:878
Stack trace:
#0 D:\work\yiitest\framework\web\CController.php(782): CController->renderPartial('index', NULL, true)
#1 D:\work\yiitest\blog\protected\modules\admin\controllers\CateController.php(5): CController->render('index')
#2 D:\work\yiitest\framework\web\actions\CInlineAction.php(49): CateController->actionIndex()
#3 D:\work\yiitest\framework\web\CController.php(308): CInlineAction->runWithParams(Array)
#4 D:\work\yiitest\framework\web\CController.php(286): CController->runAction(Object(CInlineAction))
#5 D:\work\yiitest\framework\web\CController.php(265): CController->runActionWithFilters(Object(CInlineAction), Array)
#6 D:\work\yiitest\framework\web\CWebApplication.php(282): CController->run('index')
#7 D:\work\yiitest\framework\web\CWebApplication.php(141): CWebApplication->runController('admin/cate/inde...')
#8 D:\work\yiitest\framework\base\CApplication.php(169): CWebApplication->processRequest()
#9 D:\work\yiitest\blog\index.php(14): CApplication->run()
#10 {main}
REQUEST_URI=/blog/index.php?r=admin/cate/index
HTTP_REFERER=http://yii.com/blog/index.php?r=admin/index/index
---
2013/12/20 14:15:25 [error] [exception.CException] exception 'CException' with message 'CateController cannot find the requested view "add".' in D:\work\yiitest\framework\web\CController.php:878
Stack trace:
#0 D:\work\yiitest\framework\web\CController.php(782): CController->renderPartial('add', NULL, true)
#1 D:\work\yiitest\blog\protected\modules\admin\controllers\CateController.php(10): CController->render('add')
#2 D:\work\yiitest\framework\web\actions\CInlineAction.php(49): CateController->actionAdd()
#3 D:\work\yiitest\framework\web\CController.php(308): CInlineAction->runWithParams(Array)
#4 D:\work\yiitest\framework\web\CController.php(286): CController->runAction(Object(CInlineAction))
#5 D:\work\yiitest\framework\web\CController.php(265): CController->runActionWithFilters(Object(CInlineAction), Array)
#6 D:\work\yiitest\framework\web\CWebApplication.php(282): CController->run('add')
#7 D:\work\yiitest\framework\web\CWebApplication.php(141): CWebApplication->runController('admin/cate/add')
#8 D:\work\yiitest\framework\base\CApplication.php(169): CWebApplication->processRequest()
#9 D:\work\yiitest\blog\index.php(14): CApplication->run()
#10 {main}
REQUEST_URI=/blog/index.php?r=admin/cate/add
HTTP_REFERER=http://yii.com/blog/index.php?r=admin/index/index
---
2013/12/20 14:15:26 [error] [exception.CException] exception 'CException' with message 'CateController cannot find the requested view "index".' in D:\work\yiitest\framework\web\CController.php:878
Stack trace:
#0 D:\work\yiitest\framework\web\CController.php(782): CController->renderPartial('index', NULL, true)
#1 D:\work\yiitest\blog\protected\modules\admin\controllers\CateController.php(5): CController->render('index')
#2 D:\work\yiitest\framework\web\actions\CInlineAction.php(49): CateController->actionIndex()
#3 D:\work\yiitest\framework\web\CController.php(308): CInlineAction->runWithParams(Array)
#4 D:\work\yiitest\framework\web\CController.php(286): CController->runAction(Object(CInlineAction))
#5 D:\work\yiitest\framework\web\CController.php(265): CController->runActionWithFilters(Object(CInlineAction), Array)
#6 D:\work\yiitest\framework\web\CWebApplication.php(282): CController->run('index')
#7 D:\work\yiitest\framework\web\CWebApplication.php(141): CWebApplication->runController('admin/cate/inde...')
#8 D:\work\yiitest\framework\base\CApplication.php(169): CWebApplication->processRequest()
#9 D:\work\yiitest\blog\index.php(14): CApplication->run()
#10 {main}
REQUEST_URI=/blog/index.php?r=admin/cate/index
HTTP_REFERER=http://yii.com/blog/index.php?r=admin/index/index
---
2013/12/20 14:33:07 [error] [php] include(.php): failed to open stream: No such file or directory (D:\work\yiitest\framework\YiiBase.php:421)
Stack trace:
#0 D:\work\yiitest\framework\web\CWidgetFactory.php(146): import()
#1 D:\work\yiitest\framework\web\CBaseController.php(146): CWidgetFactory->createWidget()
#2 D:\work\yiitest\framework\web\CBaseController.php(189): CateController->createWidget()
#3 D:\work\yiitest\blog\protected\modules\admin\controllers\CateController.php(12): CateController->beginWidget()
#4 D:\work\yiitest\framework\web\actions\CInlineAction.php(49): CateController->actionAdd()
#5 D:\work\yiitest\framework\web\CController.php(308): CInlineAction->runWithParams()
#6 D:\work\yiitest\framework\web\CController.php(286): CateController->runAction()
#7 D:\work\yiitest\framework\web\CController.php(265): CateController->runActionWithFilters()
#8 D:\work\yiitest\framework\web\CWebApplication.php(282): CateController->run()
#9 D:\work\yiitest\framework\web\CWebApplication.php(141): CWebApplication->runController()
#10 D:\work\yiitest\framework\base\CApplication.php(169): CWebApplication->processRequest()
#11 D:\work\yiitest\blog\index.php(14): CWebApplication->run()
REQUEST_URI=/blog/index.php?r=admin/cate/add
in D:\work\yiitest\blog\protected\modules\admin\controllers\CateController.php (12)
in D:\work\yiitest\blog\index.php (14)
2013/12/20 16:02:56 [error] [exception.CHttpException.404] exception 'CHttpException' with message 'The system is unable to find the requested action "add­".' in D:\work\yiitest\framework\web\CController.php:483
Stack trace:
#0 D:\work\yiitest\framework\web\CController.php(270): CController->missingAction('add?')
#1 D:\work\yiitest\framework\web\CWebApplication.php(282): CController->run('add?')
#2 D:\work\yiitest\framework\web\CWebApplication.php(141): CWebApplication->runController('admin/article/a...')
#3 D:\work\yiitest\framework\base\CApplication.php(169): CWebApplication->processRequest()
#4 D:\work\yiitest\blog\index.php(14): CApplication->run()
#5 {main}
REQUEST_URI=/blog/index.php?r=admin/article/add%ad
---
2013/12/23 13:51:12 [error] [exception.CDbException] exception 'CDbException' with message 'CDbConnection failed to open the DB connection: SQLSTATE[HY000] [2002] ÓÉÓÚÄ¿±ê¼ÆËã»ú»ý¼«¾Ü¾ø£¬ÎÞ·¨Á¬½Ó¡£
' in D:\work\yiitest\framework\db\CDbConnection.php:381
Stack trace:
#0 D:\work\yiitest\framework\db\CDbConnection.php(330): CDbConnection->open()
#1 D:\work\yiitest\framework\db\CDbConnection.php(308): CDbConnection->setActive(true)
#2 D:\work\yiitest\framework\base\CModule.php(387): CDbConnection->init()
#3 D:\work\yiitest\framework\base\CApplication.php(438): CModule->getComponent('db')
#4 D:\work\yiitest\framework\db\ar\CActiveRecord.php(623): CApplication->getDb()
#5 D:\work\yiitest\framework\db\ar\CActiveRecord.php(2309): CActiveRecord->getDbConnection()
#6 D:\work\yiitest\framework\db\ar\CActiveRecord.php(387): CActiveRecordMetaData->__construct(Object(User))
#7 D:\work\yiitest\blog\protected\models\User.php(17): CActiveRecord::model('User')
#8 D:\work\yiitest\blog\protected\components\UserIdentity.php(21): User::model()
#9 D:\work\yiitest\blog\protected\models\LoginForm.php(46): UserIdentity->authenticate()
#10 D:\work\yiitest\framework\validators\CInlineValidator.php(42): LoginForm->authenticate('password', Array)
#11 D:\work\yiitest\framework\validators\CValidator.php(213): CInlineValidator->validateAttribute(Object(LoginForm), 'password')
#12 D:\work\yiitest\framework\base\CModel.php(159): CValidator->validate(Object(LoginForm), NULL)
#13 D:\work\yiitest\blog\protected\modules\admin\controllers\LoginController.php(14): CModel->validate()
#14 D:\work\yiitest\framework\web\actions\CInlineAction.php(49): LoginController->actionIndex()
#15 D:\work\yiitest\framework\web\CController.php(308): CInlineAction->runWithParams(Array)
#16 D:\work\yiitest\framework\web\CController.php(286): CController->runAction(Object(CInlineAction))
#17 D:\work\yiitest\framework\web\CController.php(265): CController->runActionWithFilters(Object(CInlineAction), Array)
#18 D:\work\yiitest\framework\web\CWebApplication.php(282): CController->run('')
#19 D:\work\yiitest\framework\web\CWebApplication.php(141): CWebApplication->runController('admin/login')
#20 D:\work\yiitest\framework\base\CApplication.php(169): CWebApplication->processRequest()
#21 D:\work\yiitest\blog\index.php(14): CApplication->run()
#22 {main}
REQUEST_URI=/blog/index.php?r=admin/login
HTTP_REFERER=http://yii.com/blog/index.php?r=admin/login
---
2013/12/23 13:51:43 [error] [exception.CException] exception 'CException' with message 'CActiveForm and its behaviors do not have a method or closure named "radioField".' in D:\work\yiitest\framework\base\CComponent.php:265
Stack trace:
#0 D:\work\yiitest\blog\protected\modules\admin\views\article\add.php(58): CComponent->__call('radioField', Array)
#1 D:\work\yiitest\blog\protected\modules\admin\views\article\add.php(58): CActiveForm->radioField(Object(Article), 'title', Array)
#2 D:\work\yiitest\framework\web\CBaseController.php(126): require('D:\work\yiitest...')
#3 D:\work\yiitest\framework\web\CBaseController.php(95): CBaseController->renderInternal('D:\work\yiitest...', Array, true)
#4 D:\work\yiitest\framework\web\CController.php(869): CBaseController->renderFile('D:\work\yiitest...', Array, true)
#5 D:\work\yiitest\framework\web\CController.php(782): CController->renderPartial('add', Array, true)
#6 D:\work\yiitest\blog\protected\modules\admin\controllers\ArticleController.php(14): CController->render('add', Array)
#7 D:\work\yiitest\framework\web\actions\CInlineAction.php(49): ArticleController->actionAdd()
#8 D:\work\yiitest\framework\web\CController.php(308): CInlineAction->runWithParams(Array)
#9 D:\work\yiitest\framework\web\CController.php(286): CController->runAction(Object(CInlineAction))
#10 D:\work\yiitest\framework\web\CController.php(265): CController->runActionWithFilters(Object(CInlineAction), Array)
#11 D:\work\yiitest\framework\web\CWebApplication.php(282): CController->run('add')
#12 D:\work\yiitest\framework\web\CWebApplication.php(141): CWebApplication->runController('admin/article/a...')
#13 D:\work\yiitest\framework\base\CApplication.php(169): CWebApplication->processRequest()
#14 D:\work\yiitest\blog\index.php(14): CApplication->run()
#15 {main}
REQUEST_URI=/blog/index.php?r=admin/article/add
HTTP_REFERER=http://yii.com/blog/index.php?r=admin/index/index
---
2013/12/23 13:51:46 [error] [exception.CException] exception 'CException' with message 'CActiveForm and its behaviors do not have a method or closure named "radioField".' in D:\work\yiitest\framework\base\CComponent.php:265
Stack trace:
#0 D:\work\yiitest\blog\protected\modules\admin\views\article\add.php(58): CComponent->__call('radioField', Array)
#1 D:\work\yiitest\blog\protected\modules\admin\views\article\add.php(58): CActiveForm->radioField(Object(Article), 'title', Array)
#2 D:\work\yiitest\framework\web\CBaseController.php(126): require('D:\work\yiitest...')
#3 D:\work\yiitest\framework\web\CBaseController.php(95): CBaseController->renderInternal('D:\work\yiitest...', Array, true)
#4 D:\work\yiitest\framework\web\CController.php(869): CBaseController->renderFile('D:\work\yiitest...', Array, true)
#5 D:\work\yiitest\framework\web\CController.php(782): CController->renderPartial('add', Array, true)
#6 D:\work\yiitest\blog\protected\modules\admin\controllers\ArticleController.php(14): CController->render('add', Array)
#7 D:\work\yiitest\framework\web\actions\CInlineAction.php(49): ArticleController->actionAdd()
#8 D:\work\yiitest\framework\web\CController.php(308): CInlineAction->runWithParams(Array)
#9 D:\work\yiitest\framework\web\CController.php(286): CController->runAction(Object(CInlineAction))
#10 D:\work\yiitest\framework\web\CController.php(265): CController->runActionWithFilters(Object(CInlineAction), Array)
#11 D:\work\yiitest\framework\web\CWebApplication.php(282): CController->run('add')
#12 D:\work\yiitest\framework\web\CWebApplication.php(141): CWebApplication->runController('admin/article/a...')
#13 D:\work\yiitest\framework\base\CApplication.php(169): CWebApplication->processRequest()
#14 D:\work\yiitest\blog\index.php(14): CApplication->run()
#15 {main}
REQUEST_URI=/blog/index.php?r=admin/article/add
HTTP_REFERER=http://yii.com/blog/index.php?r=admin/index/index
---
2013/12/23 13:51:46 [error] [exception.CException] exception 'CException' with message 'CActiveForm and its behaviors do not have a method or closure named "radioField".' in D:\work\yiitest\framework\base\CComponent.php:265
Stack trace:
#0 D:\work\yiitest\blog\protected\modules\admin\views\article\add.php(58): CComponent->__call('radioField', Array)
#1 D:\work\yiitest\blog\protected\modules\admin\views\article\add.php(58): CActiveForm->radioField(Object(Article), 'title', Array)
#2 D:\work\yiitest\framework\web\CBaseController.php(126): require('D:\work\yiitest...')
#3 D:\work\yiitest\framework\web\CBaseController.php(95): CBaseController->renderInternal('D:\work\yiitest...', Array, true)
#4 D:\work\yiitest\framework\web\CController.php(869): CBaseController->renderFile('D:\work\yiitest...', Array, true)
#5 D:\work\yiitest\framework\web\CController.php(782): CController->renderPartial('add', Array, true)
#6 D:\work\yiitest\blog\protected\modules\admin\controllers\ArticleController.php(14): CController->render('add', Array)
#7 D:\work\yiitest\framework\web\actions\CInlineAction.php(49): ArticleController->actionAdd()
#8 D:\work\yiitest\framework\web\CController.php(308): CInlineAction->runWithParams(Array)
#9 D:\work\yiitest\framework\web\CController.php(286): CController->runAction(Object(CInlineAction))
#10 D:\work\yiitest\framework\web\CController.php(265): CController->runActionWithFilters(Object(CInlineAction), Array)
#11 D:\work\yiitest\framework\web\CWebApplication.php(282): CController->run('add')
#12 D:\work\yiitest\framework\web\CWebApplication.php(141): CWebApplication->runController('admin/article/a...')
#13 D:\work\yiitest\framework\base\CApplication.php(169): CWebApplication->processRequest()
#14 D:\work\yiitest\blog\index.php(14): CApplication->run()
#15 {main}
REQUEST_URI=/blog/index.php?r=admin/article/add
HTTP_REFERER=http://yii.com/blog/index.php?r=admin/index/index
---
2013/12/23 13:51:46 [error] [exception.CException] exception 'CException' with message 'CActiveForm and its behaviors do not have a method or closure named "radioField".' in D:\work\yiitest\framework\base\CComponent.php:265
Stack trace:
#0 D:\work\yiitest\blog\protected\modules\admin\views\article\add.php(58): CComponent->__call('radioField', Array)
#1 D:\work\yiitest\blog\protected\modules\admin\views\article\add.php(58): CActiveForm->radioField(Object(Article), 'title', Array)
#2 D:\work\yiitest\framework\web\CBaseController.php(126): require('D:\work\yiitest...')
#3 D:\work\yiitest\framework\web\CBaseController.php(95): CBaseController->renderInternal('D:\work\yiitest...', Array, true)
#4 D:\work\yiitest\framework\web\CController.php(869): CBaseController->renderFile('D:\work\yiitest...', Array, true)
#5 D:\work\yiitest\framework\web\CController.php(782): CController->renderPartial('add', Array, true)
#6 D:\work\yiitest\blog\protected\modules\admin\controllers\ArticleController.php(14): CController->render('add', Array)
#7 D:\work\yiitest\framework\web\actions\CInlineAction.php(49): ArticleController->actionAdd()
#8 D:\work\yiitest\framework\web\CController.php(308): CInlineAction->runWithParams(Array)
#9 D:\work\yiitest\framework\web\CController.php(286): CController->runAction(Object(CInlineAction))
#10 D:\work\yiitest\framework\web\CController.php(265): CController->runActionWithFilters(Object(CInlineAction), Array)
#11 D:\work\yiitest\framework\web\CWebApplication.php(282): CController->run('add')
#12 D:\work\yiitest\framework\web\CWebApplication.php(141): CWebApplication->runController('admin/article/a...')
#13 D:\work\yiitest\framework\base\CApplication.php(169): CWebApplication->processRequest()
#14 D:\work\yiitest\blog\index.php(14): CApplication->run()
#15 {main}
REQUEST_URI=/blog/index.php?r=admin/article/add
HTTP_REFERER=http://yii.com/blog/index.php?r=admin/index/index
---
2013/12/23 13:51:47 [error] [exception.CException] exception 'CException' with message 'CActiveForm and its behaviors do not have a method or closure named "radioField".' in D:\work\yiitest\framework\base\CComponent.php:265
Stack trace:
#0 D:\work\yiitest\blog\protected\modules\admin\views\article\add.php(58): CComponent->__call('radioField', Array)
#1 D:\work\yiitest\blog\protected\modules\admin\views\article\add.php(58): CActiveForm->radioField(Object(Article), 'title', Array)
#2 D:\work\yiitest\framework\web\CBaseController.php(126): require('D:\work\yiitest...')
#3 D:\work\yiitest\framework\web\CBaseController.php(95): CBaseController->renderInternal('D:\work\yiitest...', Array, true)
#4 D:\work\yiitest\framework\web\CController.php(869): CBaseController->renderFile('D:\work\yiitest...', Array, true)
#5 D:\work\yiitest\framework\web\CController.php(782): CController->renderPartial('add', Array, true)
#6 D:\work\yiitest\blog\protected\modules\admin\controllers\ArticleController.php(14): CController->render('add', Array)
#7 D:\work\yiitest\framework\web\actions\CInlineAction.php(49): ArticleController->actionAdd()
#8 D:\work\yiitest\framework\web\CController.php(308): CInlineAction->runWithParams(Array)
#9 D:\work\yiitest\framework\web\CController.php(286): CController->runAction(Object(CInlineAction))
#10 D:\work\yiitest\framework\web\CController.php(265): CController->runActionWithFilters(Object(CInlineAction), Array)
#11 D:\work\yiitest\framework\web\CWebApplication.php(282): CController->run('add')
#12 D:\work\yiitest\framework\web\CWebApplication.php(141): CWebApplication->runController('admin/article/a...')
#13 D:\work\yiitest\framework\base\CApplication.php(169): CWebApplication->processRequest()
#14 D:\work\yiitest\blog\index.php(14): CApplication->run()
#15 {main}
REQUEST_URI=/blog/index.php?r=admin/article/add
HTTP_REFERER=http://yii.com/blog/index.php?r=admin/index/index
---
2013/12/23 13:51:47 [error] [exception.CException] exception 'CException' with message 'CActiveForm and its behaviors do not have a method or closure named "radioField".' in D:\work\yiitest\framework\base\CComponent.php:265
Stack trace:
#0 D:\work\yiitest\blog\protected\modules\admin\views\article\add.php(58): CComponent->__call('radioField', Array)
#1 D:\work\yiitest\blog\protected\modules\admin\views\article\add.php(58): CActiveForm->radioField(Object(Article), 'title', Array)
#2 D:\work\yiitest\framework\web\CBaseController.php(126): require('D:\work\yiitest...')
#3 D:\work\yiitest\framework\web\CBaseController.php(95): CBaseController->renderInternal('D:\work\yiitest...', Array, true)
#4 D:\work\yiitest\framework\web\CController.php(869): CBaseController->renderFile('D:\work\yiitest...', Array, true)
#5 D:\work\yiitest\framework\web\CController.php(782): CController->renderPartial('add', Array, true)
#6 D:\work\yiitest\blog\protected\modules\admin\controllers\ArticleController.php(14): CController->render('add', Array)
#7 D:\work\yiitest\framework\web\actions\CInlineAction.php(49): ArticleController->actionAdd()
#8 D:\work\yiitest\framework\web\CController.php(308): CInlineAction->runWithParams(Array)
#9 D:\work\yiitest\framework\web\CController.php(286): CController->runAction(Object(CInlineAction))
#10 D:\work\yiitest\framework\web\CController.php(265): CController->runActionWithFilters(Object(CInlineAction), Array)
#11 D:\work\yiitest\framework\web\CWebApplication.php(282): CController->run('add')
#12 D:\work\yiitest\framework\web\CWebApplication.php(141): CWebApplication->runController('admin/article/a...')
#13 D:\work\yiitest\framework\base\CApplication.php(169): CWebApplication->processRequest()
#14 D:\work\yiitest\blog\index.php(14): CApplication->run()
#15 {main}
REQUEST_URI=/blog/index.php?r=admin/article/add
HTTP_REFERER=http://yii.com/blog/index.php?r=admin/index/index
---
2013/12/23 13:51:47 [error] [exception.CException] exception 'CException' with message 'CActiveForm and its behaviors do not have a method or closure named "radioField".' in D:\work\yiitest\framework\base\CComponent.php:265
Stack trace:
#0 D:\work\yiitest\blog\protected\modules\admin\views\article\add.php(58): CComponent->__call('radioField', Array)
#1 D:\work\yiitest\blog\protected\modules\admin\views\article\add.php(58): CActiveForm->radioField(Object(Article), 'title', Array)
#2 D:\work\yiitest\framework\web\CBaseController.php(126): require('D:\work\yiitest...')
#3 D:\work\yiitest\framework\web\CBaseController.php(95): CBaseController->renderInternal('D:\work\yiitest...', Array, true)
#4 D:\work\yiitest\framework\web\CController.php(869): CBaseController->renderFile('D:\work\yiitest...', Array, true)
#5 D:\work\yiitest\framework\web\CController.php(782): CController->renderPartial('add', Array, true)
#6 D:\work\yiitest\blog\protected\modules\admin\controllers\ArticleController.php(14): CController->render('add', Array)
#7 D:\work\yiitest\framework\web\actions\CInlineAction.php(49): ArticleController->actionAdd()
#8 D:\work\yiitest\framework\web\CController.php(308): CInlineAction->runWithParams(Array)
#9 D:\work\yiitest\framework\web\CController.php(286): CController->runAction(Object(CInlineAction))
#10 D:\work\yiitest\framework\web\CController.php(265): CController->runActionWithFilters(Object(CInlineAction), Array)
#11 D:\work\yiitest\framework\web\CWebApplication.php(282): CController->run('add')
#12 D:\work\yiitest\framework\web\CWebApplication.php(141): CWebApplication->runController('admin/article/a...')
#13 D:\work\yiitest\framework\base\CApplication.php(169): CWebApplication->processRequest()
#14 D:\work\yiitest\blog\index.php(14): CApplication->run()
#15 {main}
REQUEST_URI=/blog/index.php?r=admin/article/add
HTTP_REFERER=http://yii.com/blog/index.php?r=admin/index/index
---
2013/12/23 13:51:47 [error] [exception.CException] exception 'CException' with message 'CActiveForm and its behaviors do not have a method or closure named "radioField".' in D:\work\yiitest\framework\base\CComponent.php:265
Stack trace:
#0 D:\work\yiitest\blog\protected\modules\admin\views\article\add.php(58): CComponent->__call('radioField', Array)
#1 D:\work\yiitest\blog\protected\modules\admin\views\article\add.php(58): CActiveForm->radioField(Object(Article), 'title', Array)
#2 D:\work\yiitest\framework\web\CBaseController.php(126): require('D:\work\yiitest...')
#3 D:\work\yiitest\framework\web\CBaseController.php(95): CBaseController->renderInternal('D:\work\yiitest...', Array, true)
#4 D:\work\yiitest\framework\web\CController.php(869): CBaseController->renderFile('D:\work\yiitest...', Array, true)
#5 D:\work\yiitest\framework\web\CController.php(782): CController->renderPartial('add', Array, true)
#6 D:\work\yiitest\blog\protected\modules\admin\controllers\ArticleController.php(14): CController->render('add', Array)
#7 D:\work\yiitest\framework\web\actions\CInlineAction.php(49): ArticleController->actionAdd()
#8 D:\work\yiitest\framework\web\CController.php(308): CInlineAction->runWithParams(Array)
#9 D:\work\yiitest\framework\web\CController.php(286): CController->runAction(Object(CInlineAction))
#10 D:\work\yiitest\framework\web\CController.php(265): CController->runActionWithFilters(Object(CInlineAction), Array)
#11 D:\work\yiitest\framework\web\CWebApplication.php(282): CController->run('add')
#12 D:\work\yiitest\framework\web\CWebApplication.php(141): CWebApplication->runController('admin/article/a...')
#13 D:\work\yiitest\framework\base\CApplication.php(169): CWebApplication->processRequest()
#14 D:\work\yiitest\blog\index.php(14): CApplication->run()
#15 {main}
REQUEST_URI=/blog/index.php?r=admin/article/add
HTTP_REFERER=http://yii.com/blog/index.php?r=admin/index/index
---
2013/12/23 13:51:47 [error] [exception.CException] exception 'CException' with message 'CActiveForm and its behaviors do not have a method or closure named "radioField".' in D:\work\yiitest\framework\base\CComponent.php:265
Stack trace:
#0 D:\work\yiitest\blog\protected\modules\admin\views\article\add.php(58): CComponent->__call('radioField', Array)
#1 D:\work\yiitest\blog\protected\modules\admin\views\article\add.php(58): CActiveForm->radioField(Object(Article), 'title', Array)
#2 D:\work\yiitest\framework\web\CBaseController.php(126): require('D:\work\yiitest...')
#3 D:\work\yiitest\framework\web\CBaseController.php(95): CBaseController->renderInternal('D:\work\yiitest...', Array, true)
#4 D:\work\yiitest\framework\web\CController.php(869): CBaseController->renderFile('D:\work\yiitest...', Array, true)
#5 D:\work\yiitest\framework\web\CController.php(782): CController->renderPartial('add', Array, true)
#6 D:\work\yiitest\blog\protected\modules\admin\controllers\ArticleController.php(14): CController->render('add', Array)
#7 D:\work\yiitest\framework\web\actions\CInlineAction.php(49): ArticleController->actionAdd()
#8 D:\work\yiitest\framework\web\CController.php(308): CInlineAction->runWithParams(Array)
#9 D:\work\yiitest\framework\web\CController.php(286): CController->runAction(Object(CInlineAction))
#10 D:\work\yiitest\framework\web\CController.php(265): CController->runActionWithFilters(Object(CInlineAction), Array)
#11 D:\work\yiitest\framework\web\CWebApplication.php(282): CController->run('add')
#12 D:\work\yiitest\framework\web\CWebApplication.php(141): CWebApplication->runController('admin/article/a...')
#13 D:\work\yiitest\framework\base\CApplication.php(169): CWebApplication->processRequest()
#14 D:\work\yiitest\blog\index.php(14): CApplication->run()
#15 {main}
REQUEST_URI=/blog/index.php?r=admin/article/add
HTTP_REFERER=http://yii.com/blog/index.php?r=admin/index/index
---
2013/12/23 13:51:47 [error] [exception.CException] exception 'CException' with message 'CActiveForm and its behaviors do not have a method or closure named "radioField".' in D:\work\yiitest\framework\base\CComponent.php:265
Stack trace:
#0 D:\work\yiitest\blog\protected\modules\admin\views\article\add.php(58): CComponent->__call('radioField', Array)
#1 D:\work\yiitest\blog\protected\modules\admin\views\article\add.php(58): CActiveForm->radioField(Object(Article), 'title', Array)
#2 D:\work\yiitest\framework\web\CBaseController.php(126): require('D:\work\yiitest...')
#3 D:\work\yiitest\framework\web\CBaseController.php(95): CBaseController->renderInternal('D:\work\yiitest...', Array, true)
#4 D:\work\yiitest\framework\web\CController.php(869): CBaseController->renderFile('D:\work\yiitest...', Array, true)
#5 D:\work\yiitest\framework\web\CController.php(782): CController->renderPartial('add', Array, true)
#6 D:\work\yiitest\blog\protected\modules\admin\controllers\ArticleController.php(14): CController->render('add', Array)
#7 D:\work\yiitest\framework\web\actions\CInlineAction.php(49): ArticleController->actionAdd()
#8 D:\work\yiitest\framework\web\CController.php(308): CInlineAction->runWithParams(Array)
#9 D:\work\yiitest\framework\web\CController.php(286): CController->runAction(Object(CInlineAction))
#10 D:\work\yiitest\framework\web\CController.php(265): CController->runActionWithFilters(Object(CInlineAction), Array)
#11 D:\work\yiitest\framework\web\CWebApplication.php(282): CController->run('add')
#12 D:\work\yiitest\framework\web\CWebApplication.php(141): CWebApplication->runController('admin/article/a...')
#13 D:\work\yiitest\framework\base\CApplication.php(169): CWebApplication->processRequest()
#14 D:\work\yiitest\blog\index.php(14): CApplication->run()
#15 {main}
REQUEST_URI=/blog/index.php?r=admin/article/add
HTTP_REFERER=http://yii.com/blog/index.php?r=admin/index/index
---
2013/12/23 13:51:48 [error] [exception.CException] exception 'CException' with message 'CActiveForm and its behaviors do not have a method or closure named "radioField".' in D:\work\yiitest\framework\base\CComponent.php:265
Stack trace:
#0 D:\work\yiitest\blog\protected\modules\admin\views\article\add.php(58): CComponent->__call('radioField', Array)
#1 D:\work\yiitest\blog\protected\modules\admin\views\article\add.php(58): CActiveForm->radioField(Object(Article), 'title', Array)
#2 D:\work\yiitest\framework\web\CBaseController.php(126): require('D:\work\yiitest...')
#3 D:\work\yiitest\framework\web\CBaseController.php(95): CBaseController->renderInternal('D:\work\yiitest...', Array, true)
#4 D:\work\yiitest\framework\web\CController.php(869): CBaseController->renderFile('D:\work\yiitest...', Array, true)
#5 D:\work\yiitest\framework\web\CController.php(782): CController->renderPartial('add', Array, true)
#6 D:\work\yiitest\blog\protected\modules\admin\controllers\ArticleController.php(14): CController->render('add', Array)
#7 D:\work\yiitest\framework\web\actions\CInlineAction.php(49): ArticleController->actionAdd()
#8 D:\work\yiitest\framework\web\CController.php(308): CInlineAction->runWithParams(Array)
#9 D:\work\yiitest\framework\web\CController.php(286): CController->runAction(Object(CInlineAction))
#10 D:\work\yiitest\framework\web\CController.php(265): CController->runActionWithFilters(Object(CInlineAction), Array)
#11 D:\work\yiitest\framework\web\CWebApplication.php(282): CController->run('add')
#12 D:\work\yiitest\framework\web\CWebApplication.php(141): CWebApplication->runController('admin/article/a...')
#13 D:\work\yiitest\framework\base\CApplication.php(169): CWebApplication->processRequest()
#14 D:\work\yiitest\blog\index.php(14): CApplication->run()
#15 {main}
REQUEST_URI=/blog/index.php?r=admin/article/add
HTTP_REFERER=http://yii.com/blog/index.php?r=admin/index/index
---
2013/12/23 13:51:48 [error] [exception.CException] exception 'CException' with message 'CActiveForm and its behaviors do not have a method or closure named "radioField".' in D:\work\yiitest\framework\base\CComponent.php:265
Stack trace:
#0 D:\work\yiitest\blog\protected\modules\admin\views\article\add.php(58): CComponent->__call('radioField', Array)
#1 D:\work\yiitest\blog\protected\modules\admin\views\article\add.php(58): CActiveForm->radioField(Object(Article), 'title', Array)
#2 D:\work\yiitest\framework\web\CBaseController.php(126): require('D:\work\yiitest...')
#3 D:\work\yiitest\framework\web\CBaseController.php(95): CBaseController->renderInternal('D:\work\yiitest...', Array, true)
#4 D:\work\yiitest\framework\web\CController.php(869): CBaseController->renderFile('D:\work\yiitest...', Array, true)
#5 D:\work\yiitest\framework\web\CController.php(782): CController->renderPartial('add', Array, true)
#6 D:\work\yiitest\blog\protected\modules\admin\controllers\ArticleController.php(14): CController->render('add', Array)
#7 D:\work\yiitest\framework\web\actions\CInlineAction.php(49): ArticleController->actionAdd()
#8 D:\work\yiitest\framework\web\CController.php(308): CInlineAction->runWithParams(Array)
#9 D:\work\yiitest\framework\web\CController.php(286): CController->runAction(Object(CInlineAction))
#10 D:\work\yiitest\framework\web\CController.php(265): CController->runActionWithFilters(Object(CInlineAction), Array)
#11 D:\work\yiitest\framework\web\CWebApplication.php(282): CController->run('add')
#12 D:\work\yiitest\framework\web\CWebApplication.php(141): CWebApplication->runController('admin/article/a...')
#13 D:\work\yiitest\framework\base\CApplication.php(169): CWebApplication->processRequest()
#14 D:\work\yiitest\blog\index.php(14): CApplication->run()
#15 {main}
REQUEST_URI=/blog/index.php?r=admin/article/add
HTTP_REFERER=http://yii.com/blog/index.php?r=admin/index/index
---
2013/12/23 13:51:48 [error] [exception.CException] exception 'CException' with message 'CActiveForm and its behaviors do not have a method or closure named "radioField".' in D:\work\yiitest\framework\base\CComponent.php:265
Stack trace:
#0 D:\work\yiitest\blog\protected\modules\admin\views\article\add.php(58): CComponent->__call('radioField', Array)
#1 D:\work\yiitest\blog\protected\modules\admin\views\article\add.php(58): CActiveForm->radioField(Object(Article), 'title', Array)
#2 D:\work\yiitest\framework\web\CBaseController.php(126): require('D:\work\yiitest...')
#3 D:\work\yiitest\framework\web\CBaseController.php(95): CBaseController->renderInternal('D:\work\yiitest...', Array, true)
#4 D:\work\yiitest\framework\web\CController.php(869): CBaseController->renderFile('D:\work\yiitest...', Array, true)
#5 D:\work\yiitest\framework\web\CController.php(782): CController->renderPartial('add', Array, true)
#6 D:\work\yiitest\blog\protected\modules\admin\controllers\ArticleController.php(14): CController->render('add', Array)
#7 D:\work\yiitest\framework\web\actions\CInlineAction.php(49): ArticleController->actionAdd()
#8 D:\work\yiitest\framework\web\CController.php(308): CInlineAction->runWithParams(Array)
#9 D:\work\yiitest\framework\web\CController.php(286): CController->runAction(Object(CInlineAction))
#10 D:\work\yiitest\framework\web\CController.php(265): CController->runActionWithFilters(Object(CInlineAction), Array)
#11 D:\work\yiitest\framework\web\CWebApplication.php(282): CController->run('add')
#12 D:\work\yiitest\framework\web\CWebApplication.php(141): CWebApplication->runController('admin/article/a...')
#13 D:\work\yiitest\framework\base\CApplication.php(169): CWebApplication->processRequest()
#14 D:\work\yiitest\blog\index.php(14): CApplication->run()
#15 {main}
REQUEST_URI=/blog/index.php?r=admin/article/add
HTTP_REFERER=http://yii.com/blog/index.php?r=admin/index/index
---
2013/12/23 13:51:48 [error] [exception.CException] exception 'CException' with message 'CActiveForm and its behaviors do not have a method or closure named "radioField".' in D:\work\yiitest\framework\base\CComponent.php:265
Stack trace:
#0 D:\work\yiitest\blog\protected\modules\admin\views\article\add.php(58): CComponent->__call('radioField', Array)
#1 D:\work\yiitest\blog\protected\modules\admin\views\article\add.php(58): CActiveForm->radioField(Object(Article), 'title', Array)
#2 D:\work\yiitest\framework\web\CBaseController.php(126): require('D:\work\yiitest...')
#3 D:\work\yiitest\framework\web\CBaseController.php(95): CBaseController->renderInternal('D:\work\yiitest...', Array, true)
#4 D:\work\yiitest\framework\web\CController.php(869): CBaseController->renderFile('D:\work\yiitest...', Array, true)
#5 D:\work\yiitest\framework\web\CController.php(782): CController->renderPartial('add', Array, true)
#6 D:\work\yiitest\blog\protected\modules\admin\controllers\ArticleController.php(14): CController->render('add', Array)
#7 D:\work\yiitest\framework\web\actions\CInlineAction.php(49): ArticleController->actionAdd()
#8 D:\work\yiitest\framework\web\CController.php(308): CInlineAction->runWithParams(Array)
#9 D:\work\yiitest\framework\web\CController.php(286): CController->runAction(Object(CInlineAction))
#10 D:\work\yiitest\framework\web\CController.php(265): CController->runActionWithFilters(Object(CInlineAction), Array)
#11 D:\work\yiitest\framework\web\CWebApplication.php(282): CController->run('add')
#12 D:\work\yiitest\framework\web\CWebApplication.php(141): CWebApplication->runController('admin/article/a...')
#13 D:\work\yiitest\framework\base\CApplication.php(169): CWebApplication->processRequest()
#14 D:\work\yiitest\blog\index.php(14): CApplication->run()
#15 {main}
REQUEST_URI=/blog/index.php?r=admin/article/add
HTTP_REFERER=http://yii.com/blog/index.php?r=admin/index/index
---
2013/12/23 14:11:22 [error] [exception.CException] exception 'CException' with message 'CActiveForm and its behaviors do not have a method or closure named "textAreaField".' in D:\work\yiitest\framework\base\CComponent.php:265
Stack trace:
#0 D:\work\yiitest\blog\protected\modules\admin\views\article\add.php(94): CComponent->__call('textAreaField', Array)
#1 D:\work\yiitest\blog\protected\modules\admin\views\article\add.php(94): CActiveForm->textAreaField(Object(Article), 'info', Array)
#2 D:\work\yiitest\framework\web\CBaseController.php(126): require('D:\work\yiitest...')
#3 D:\work\yiitest\framework\web\CBaseController.php(95): CBaseController->renderInternal('D:\work\yiitest...', Array, true)
#4 D:\work\yiitest\framework\web\CController.php(869): CBaseController->renderFile('D:\work\yiitest...', Array, true)
#5 D:\work\yiitest\framework\web\CController.php(782): CController->renderPartial('add', Array, true)
#6 D:\work\yiitest\blog\protected\modules\admin\controllers\ArticleController.php(26): CController->render('add', Array)
#7 D:\work\yiitest\framework\web\actions\CInlineAction.php(49): ArticleController->actionAdd()
#8 D:\work\yiitest\framework\web\CController.php(308): CInlineAction->runWithParams(Array)
#9 D:\work\yiitest\framework\web\CController.php(286): CController->runAction(Object(CInlineAction))
#10 D:\work\yiitest\framework\web\CController.php(265): CController->runActionWithFilters(Object(CInlineAction), Array)
#11 D:\work\yiitest\framework\web\CWebApplication.php(282): CController->run('add')
#12 D:\work\yiitest\framework\web\CWebApplication.php(141): CWebApplication->runController('admin/article/a...')
#13 D:\work\yiitest\framework\base\CApplication.php(169): CWebApplication->processRequest()
#14 D:\work\yiitest\blog\index.php(14): CApplication->run()
#15 {main}
REQUEST_URI=/blog/index.php?r=admin/article/add
HTTP_REFERER=http://yii.com/blog/index.php?r=admin/index/index
---
2013/12/23 14:39:13 [error] [exception.CException] exception 'CException' with message 'Property "CFileValidator._types" is not defined.' in D:\work\yiitest\framework\base\CComponent.php:173
Stack trace:
#0 D:\work\yiitest\framework\validators\CValidator.php(189): CComponent->__set('_types', 'jpg,jpeg,gif,pn...')
#1 D:\work\yiitest\framework\base\CModel.php(286): CValidator::createValidator('file', Object(Article), 'pic', Array)
#2 D:\work\yiitest\framework\base\CModel.php(260): CModel->createValidators()
#3 D:\work\yiitest\framework\base\CModel.php(303): CModel->getValidators('title')
#4 D:\work\yiitest\framework\web\helpers\CHtml.php(1237): CModel->isAttributeRequired('title')
#5 D:\work\yiitest\framework\web\widgets\CActiveForm.php(562): CHtml::activeLabelEx(Object(Article), 'title', Array)
#6 D:\work\yiitest\blog\protected\modules\admin\views\article\add.php(49): CActiveForm->labelEx(Object(Article), 'title')
#7 D:\work\yiitest\framework\web\CBaseController.php(126): require('D:\work\yiitest...')
#8 D:\work\yiitest\framework\web\CBaseController.php(95): CBaseController->renderInternal('D:\work\yiitest...', Array, true)
#9 D:\work\yiitest\framework\web\CController.php(869): CBaseController->renderFile('D:\work\yiitest...', Array, true)
#10 D:\work\yiitest\framework\web\CController.php(782): CController->renderPartial('add', Array, true)
#11 D:\work\yiitest\blog\protected\modules\admin\controllers\ArticleController.php(34): CController->render('add', Array)
#12 D:\work\yiitest\framework\web\actions\CInlineAction.php(49): ArticleController->actionAdd()
#13 D:\work\yiitest\framework\web\CController.php(308): CInlineAction->runWithParams(Array)
#14 D:\work\yiitest\framework\web\CController.php(286): CController->runAction(Object(CInlineAction))
#15 D:\work\yiitest\framework\web\CController.php(265): CController->runActionWithFilters(Object(CInlineAction), Array)
#16 D:\work\yiitest\framework\web\CWebApplication.php(282): CController->run('add')
#17 D:\work\yiitest\framework\web\CWebApplication.php(141): CWebApplication->runController('admin/article/a...')
#18 D:\work\yiitest\framework\base\CApplication.php(169): CWebApplication->processRequest()
#19 D:\work\yiitest\blog\index.php(14): CApplication->run()
#20 {main}
REQUEST_URI=/blog/index.php?r=admin/article/add
---
2013/12/23 14:41:05 [warning] [application] Failed to set unsafe attribute "pic" of "Article".
in D:\work\yiitest\blog\protected\modules\admin\controllers\ArticleController.php (28)
in D:\work\yiitest\blog\index.php (14)
2013/12/23 14:41:12 [warning] [application] Failed to set unsafe attribute "pic" of "Article".
in D:\work\yiitest\blog\protected\modules\admin\controllers\ArticleController.php (28)
in D:\work\yiitest\blog\index.php (14)
2013/12/23 14:41:16 [warning] [application] Failed to set unsafe attribute "pic" of "Article".
in D:\work\yiitest\blog\protected\modules\admin\controllers\ArticleController.php (28)
in D:\work\yiitest\blog\index.php (14)
2013/12/23 14:41:18 [warning] [application] Failed to set unsafe attribute "pic" of "Article".
in D:\work\yiitest\blog\protected\modules\admin\controllers\ArticleController.php (28)
in D:\work\yiitest\blog\index.php (14)
2013/12/23 15:34:57 [warning] [application] Failed to set unsafe attribute "pic" of "Article".
in D:\work\yiitest\blog\protected\modules\admin\controllers\ArticleController.php (37)
in D:\work\yiitest\blog\index.php (14)
2013/12/23 16:16:09 [error] [php] include(CThumb.php): failed to open stream: No such file or directory (D:\work\yiitest\framework\YiiBase.php:421)
Stack trace:
#0 D:\work\yiitest\framework\YiiBase.php(217): spl_autoload_call()
#1 D:\work\yiitest\framework\base\CModule.php(386): createComponent()
#2 D:\work\yiitest\framework\base\CModule.php(103): CWebApplication->getComponent()
#3 D:\work\yiitest\blog\protected\modules\admin\controllers\ArticleController.php(38): CWebApplication->__get()
#4 D:\work\yiitest\framework\web\actions\CInlineAction.php(49): ArticleController->actionAdd()
#5 D:\work\yiitest\framework\web\CController.php(308): CInlineAction->runWithParams()
#6 D:\work\yiitest\framework\web\CController.php(286): ArticleController->runAction()
#7 D:\work\yiitest\framework\web\CController.php(265): ArticleController->runActionWithFilters()
#8 D:\work\yiitest\framework\web\CWebApplication.php(282): ArticleController->run()
#9 D:\work\yiitest\framework\web\CWebApplication.php(141): CWebApplication->runController()
#10 D:\work\yiitest\framework\base\CApplication.php(169): CWebApplication->processRequest()
#11 D:\work\yiitest\blog\index.php(14): CWebApplication->run()
REQUEST_URI=/blog/index.php?r=admin/article/add
in D:\work\yiitest\blog\protected\modules\admin\controllers\ArticleController.php (38)
in D:\work\yiitest\blog\index.php (14)
2013/12/23 16:20:40 [error] [php] imagejpeg(D:\work\yiitest\blog/uploads/): failed to open stream: No such file or directory (D:\work\yiitest\blog\protected\extensions\CThumb\Image.php:167)
Stack trace:
#0 D:\work\yiitest\framework\web\actions\CInlineAction.php(49): ArticleController->actionAdd()
#1 D:\work\yiitest\framework\web\CController.php(308): CInlineAction->runWithParams()
#2 D:\work\yiitest\framework\web\CController.php(286): ArticleController->runAction()
#3 D:\work\yiitest\framework\web\CController.php(265): ArticleController->runActionWithFilters()
#4 D:\work\yiitest\framework\web\CWebApplication.php(282): ArticleController->run()
#5 D:\work\yiitest\framework\web\CWebApplication.php(141): CWebApplication->runController()
#6 D:\work\yiitest\framework\base\CApplication.php(169): CWebApplication->processRequest()
#7 D:\work\yiitest\blog\index.php(14): CWebApplication->run()
REQUEST_URI=/blog/index.php?r=admin/article/add
in D:\work\yiitest\blog\protected\extensions\CThumb\Image.php (167)
in D:\work\yiitest\blog\protected\modules\admin\controllers\ArticleController.php (40)
in D:\work\yiitest\blog\index.php (14)
2013/12/23 16:23:22 [warning] [application] Failed to set unsafe attribute "pic" of "Article".
in D:\work\yiitest\blog\protected\modules\admin\controllers\ArticleController.php (54)
in D:\work\yiitest\blog\index.php (14)
2013/12/23 16:23:46 [warning] [application] Failed to set unsafe attribute "pic" of "Article".
in D:\work\yiitest\blog\protected\modules\admin\controllers\ArticleController.php (54)
in D:\work\yiitest\blog\index.php (14)
2013/12/23 16:24:32 [warning] [application] Failed to set unsafe attribute "pic" of "Article".
in D:\work\yiitest\blog\protected\modules\admin\controllers\ArticleController.php (54)
in D:\work\yiitest\blog\index.php (14)
2013/12/23 16:27:59 [warning] [application] Failed to set unsafe attribute "pic" of "Article".
in D:\work\yiitest\blog\protected\modules\admin\controllers\ArticleController.php (42)
in D:\work\yiitest\blog\index.php (14)
2013/12/23 16:33:03 [error] [php] Invalid argument supplied for foreach() (D:\work\yiitest\blog\protected\modules\admin\views\article\index.php:33)
Stack trace:
#0 D:\work\yiitest\framework\web\CController.php(869): ArticleController->renderFile()
#1 D:\work\yiitest\framework\web\CController.php(782): ArticleController->renderPartial()
#2 D:\work\yiitest\blog\protected\modules\admin\controllers\ArticleController.php(9): ArticleController->render()
#3 D:\work\yiitest\framework\web\actions\CInlineAction.php(49): ArticleController->actionIndex()
#4 D:\work\yiitest\framework\web\CController.php(308): CInlineAction->runWithParams()
#5 D:\work\yiitest\framework\web\CController.php(286): ArticleController->runAction()
#6 D:\work\yiitest\framework\web\CController.php(265): ArticleController->runActionWithFilters()
#7 D:\work\yiitest\framework\web\CWebApplication.php(282): ArticleController->run()
#8 D:\work\yiitest\framework\web\CWebApplication.php(141): CWebApplication->runController()
#9 D:\work\yiitest\framework\base\CApplication.php(169): CWebApplication->processRequest()
#10 D:\work\yiitest\blog\index.php(14): CWebApplication->run()
REQUEST_URI=/blog/index.php?r=admin/article/index
in D:\work\yiitest\blog\protected\modules\admin\views\article\index.php (33)
in D:\work\yiitest\blog\protected\modules\admin\controllers\ArticleController.php (9)
in D:\work\yiitest\blog\index.php (14)
2013/12/23 16:34:27 [warning] [application] Failed to set unsafe attribute "pic" of "Article".
in D:\work\yiitest\blog\protected\modules\admin\controllers\ArticleController.php (42)
in D:\work\yiitest\blog\index.php (14)
2013/12/23 16:34:37 [warning] [application] Failed to set unsafe attribute "pic" of "Article".
in D:\work\yiitest\blog\protected\modules\admin\controllers\ArticleController.php (42)
in D:\work\yiitest\blog\index.php (14)
2013/12/23 16:34:52 [warning] [application] Failed to set unsafe attribute "pic" of "Article".
in D:\work\yiitest\blog\protected\modules\admin\controllers\ArticleController.php (42)
in D:\work\yiitest\blog\index.php (14)
2013/12/23 16:48:16 [error] [php] Object of class CLinkPager could not be converted to string (D:\work\yiitest\blog\protected\modules\admin\views\article\index.php:56)
Stack trace:
#0 D:\work\yiitest\framework\web\CController.php(869): ArticleController->renderFile()
#1 D:\work\yiitest\framework\web\CController.php(782): ArticleController->renderPartial()
#2 D:\work\yiitest\blog\protected\modules\admin\controllers\ArticleController.php(25): ArticleController->render()
#3 D:\work\yiitest\framework\web\actions\CInlineAction.php(49): ArticleController->actionIndex()
#4 D:\work\yiitest\framework\web\CController.php(308): CInlineAction->runWithParams()
#5 D:\work\yiitest\framework\web\CController.php(286): ArticleController->runAction()
#6 D:\work\yiitest\framework\web\CController.php(265): ArticleController->runActionWithFilters()
#7 D:\work\yiitest\framework\web\CWebApplication.php(282): ArticleController->run()
#8 D:\work\yiitest\framework\web\CWebApplication.php(141): CWebApplication->runController()
#9 D:\work\yiitest\framework\base\CApplication.php(169): CWebApplication->processRequest()
#10 D:\work\yiitest\blog\index.php(14): CWebApplication->run()
REQUEST_URI=/blog/index.php?r=admin/article/index
in D:\work\yiitest\blog\protected\modules\admin\views\article\index.php (56)
in D:\work\yiitest\blog\protected\modules\admin\controllers\ArticleController.php (25)
in D:\work\yiitest\blog\index.php (14)
2013/12/23 16:50:20 [error] [php] Invalid argument supplied for foreach() (D:\work\yiitest\blog\protected\modules\admin\views\article\index.php:31)
Stack trace:
#0 D:\work\yiitest\framework\web\CController.php(869): ArticleController->renderFile()
#1 D:\work\yiitest\framework\web\CController.php(782): ArticleController->renderPartial()
#2 D:\work\yiitest\blog\protected\modules\admin\controllers\ArticleController.php(25): ArticleController->render()
#3 D:\work\yiitest\framework\web\actions\CInlineAction.php(49): ArticleController->actionIndex()
#4 D:\work\yiitest\framework\web\CController.php(308): CInlineAction->runWithParams()
#5 D:\work\yiitest\framework\web\CController.php(286): ArticleController->runAction()
#6 D:\work\yiitest\framework\web\CController.php(265): ArticleController->runActionWithFilters()
#7 D:\work\yiitest\framework\web\CWebApplication.php(282): ArticleController->run()
#8 D:\work\yiitest\framework\web\CWebApplication.php(141): CWebApplication->runController()
#9 D:\work\yiitest\framework\base\CApplication.php(169): CWebApplication->processRequest()
#10 D:\work\yiitest\blog\index.php(14): CWebApplication->run()
REQUEST_URI=/blog/index.php?r=admin/article/index
in D:\work\yiitest\blog\protected\modules\admin\views\article\index.php (31)
in D:\work\yiitest\blog\protected\modules\admin\controllers\ArticleController.php (25)
in D:\work\yiitest\blog\index.php (14)
2013/12/23 16:50:22 [error] [php] Invalid argument supplied for foreach() (D:\work\yiitest\blog\protected\modules\admin\views\article\index.php:31)
Stack trace:
#0 D:\work\yiitest\framework\web\CController.php(869): ArticleController->renderFile()
#1 D:\work\yiitest\framework\web\CController.php(782): ArticleController->renderPartial()
#2 D:\work\yiitest\blog\protected\modules\admin\controllers\ArticleController.php(25): ArticleController->render()
#3 D:\work\yiitest\framework\web\actions\CInlineAction.php(49): ArticleController->actionIndex()
#4 D:\work\yiitest\framework\web\CController.php(308): CInlineAction->runWithParams()
#5 D:\work\yiitest\framework\web\CController.php(286): ArticleController->runAction()
#6 D:\work\yiitest\framework\web\CController.php(265): ArticleController->runActionWithFilters()
#7 D:\work\yiitest\framework\web\CWebApplication.php(282): ArticleController->run()
#8 D:\work\yiitest\framework\web\CWebApplication.php(141): CWebApplication->runController()
#9 D:\work\yiitest\framework\base\CApplication.php(169): CWebApplication->processRequest()
#10 D:\work\yiitest\blog\index.php(14): CWebApplication->run()
REQUEST_URI=/blog/index.php?r=admin/article/index
in D:\work\yiitest\blog\protected\modules\admin\views\article\index.php (31)
in D:\work\yiitest\blog\protected\modules\admin\controllers\ArticleController.php (25)
in D:\work\yiitest\blog\index.php (14)
2013/12/23 16:50:22 [error] [php] Invalid argument supplied for foreach() (D:\work\yiitest\blog\protected\modules\admin\views\article\index.php:31)
Stack trace:
#0 D:\work\yiitest\framework\web\CController.php(869): ArticleController->renderFile()
#1 D:\work\yiitest\framework\web\CController.php(782): ArticleController->renderPartial()
#2 D:\work\yiitest\blog\protected\modules\admin\controllers\ArticleController.php(25): ArticleController->render()
#3 D:\work\yiitest\framework\web\actions\CInlineAction.php(49): ArticleController->actionIndex()
#4 D:\work\yiitest\framework\web\CController.php(308): CInlineAction->runWithParams()
#5 D:\work\yiitest\framework\web\CController.php(286): ArticleController->runAction()
#6 D:\work\yiitest\framework\web\CController.php(265): ArticleController->runActionWithFilters()
#7 D:\work\yiitest\framework\web\CWebApplication.php(282): ArticleController->run()
#8 D:\work\yiitest\framework\web\CWebApplication.php(141): CWebApplication->runController()
#9 D:\work\yiitest\framework\base\CApplication.php(169): CWebApplication->processRequest()
#10 D:\work\yiitest\blog\index.php(14): CWebApplication->run()
REQUEST_URI=/blog/index.php?r=admin/article/index
in D:\work\yiitest\blog\protected\modules\admin\views\article\index.php (31)
in D:\work\yiitest\blog\protected\modules\admin\controllers\ArticleController.php (25)
in D:\work\yiitest\blog\index.php (14)
2013/12/23 16:50:23 [error] [php] Invalid argument supplied for foreach() (D:\work\yiitest\blog\protected\modules\admin\views\article\index.php:31)
Stack trace:
#0 D:\work\yiitest\framework\web\CController.php(869): ArticleController->renderFile()
#1 D:\work\yiitest\framework\web\CController.php(782): ArticleController->renderPartial()
#2 D:\work\yiitest\blog\protected\modules\admin\controllers\ArticleController.php(25): ArticleController->render()
#3 D:\work\yiitest\framework\web\actions\CInlineAction.php(49): ArticleController->actionIndex()
#4 D:\work\yiitest\framework\web\CController.php(308): CInlineAction->runWithParams()
#5 D:\work\yiitest\framework\web\CController.php(286): ArticleController->runAction()
#6 D:\work\yiitest\framework\web\CController.php(265): ArticleController->runActionWithFilters()
#7 D:\work\yiitest\framework\web\CWebApplication.php(282): ArticleController->run()
#8 D:\work\yiitest\framework\web\CWebApplication.php(141): CWebApplication->runController()
#9 D:\work\yiitest\framework\base\CApplication.php(169): CWebApplication->processRequest()
#10 D:\work\yiitest\blog\index.php(14): CWebApplication->run()
REQUEST_URI=/blog/index.php?r=admin/article/index
in D:\work\yiitest\blog\protected\modules\admin\views\article\index.php (31)
in D:\work\yiitest\blog\protected\modules\admin\controllers\ArticleController.php (25)
in D:\work\yiitest\blog\index.php (14)
2013/12/23 16:50:23 [error] [php] Invalid argument supplied for foreach() (D:\work\yiitest\blog\protected\modules\admin\views\article\index.php:31)
Stack trace:
#0 D:\work\yiitest\framework\web\CController.php(869): ArticleController->renderFile()
#1 D:\work\yiitest\framework\web\CController.php(782): ArticleController->renderPartial()
#2 D:\work\yiitest\blog\protected\modules\admin\controllers\ArticleController.php(25): ArticleController->render()
#3 D:\work\yiitest\framework\web\actions\CInlineAction.php(49): ArticleController->actionIndex()
#4 D:\work\yiitest\framework\web\CController.php(308): CInlineAction->runWithParams()
#5 D:\work\yiitest\framework\web\CController.php(286): ArticleController->runAction()
#6 D:\work\yiitest\framework\web\CController.php(265): ArticleController->runActionWithFilters()
#7 D:\work\yiitest\framework\web\CWebApplication.php(282): ArticleController->run()
#8 D:\work\yiitest\framework\web\CWebApplication.php(141): CWebApplication->runController()
#9 D:\work\yiitest\framework\base\CApplication.php(169): CWebApplication->processRequest()
#10 D:\work\yiitest\blog\index.php(14): CWebApplication->run()
REQUEST_URI=/blog/index.php?r=admin/article/index
in D:\work\yiitest\blog\protected\modules\admin\views\article\index.php (31)
in D:\work\yiitest\blog\protected\modules\admin\controllers\ArticleController.php (25)
in D:\work\yiitest\blog\index.php (14)
2013/12/23 16:51:02 [error] [php] Object of class CLinkPager could not be converted to string (D:\work\yiitest\blog\protected\modules\admin\views\article\index.php:57)
Stack trace:
#0 D:\work\yiitest\framework\web\CController.php(869): ArticleController->renderFile()
#1 D:\work\yiitest\framework\web\CController.php(782): ArticleController->renderPartial()
#2 D:\work\yiitest\blog\protected\modules\admin\controllers\ArticleController.php(25): ArticleController->render()
#3 D:\work\yiitest\framework\web\actions\CInlineAction.php(49): ArticleController->actionIndex()
#4 D:\work\yiitest\framework\web\CController.php(308): CInlineAction->runWithParams()
#5 D:\work\yiitest\framework\web\CController.php(286): ArticleController->runAction()
#6 D:\work\yiitest\framework\web\CController.php(265): ArticleController->runActionWithFilters()
#7 D:\work\yiitest\framework\web\CWebApplication.php(282): ArticleController->run()
#8 D:\work\yiitest\framework\web\CWebApplication.php(141): CWebApplication->runController()
#9 D:\work\yiitest\framework\base\CApplication.php(169): CWebApplication->processRequest()
#10 D:\work\yiitest\blog\index.php(14): CWebApplication->run()
REQUEST_URI=/blog/index.php?r=admin/article/index
in D:\work\yiitest\blog\protected\modules\admin\views\article\index.php (57)
in D:\work\yiitest\blog\protected\modules\admin\controllers\ArticleController.php (25)
in D:\work\yiitest\blog\index.php (14)
2013/12/23 17:02:07 [warning] [application] Failed to set unsafe attribute "pic" of "Article".
in D:\work\yiitest\blog\protected\modules\admin\controllers\ArticleController.php (58)
in D:\work\yiitest\blog\index.php (14)
2013/12/24 13:48:08 [error] [exception.CHttpException.404] exception 'CHttpException' with message 'The system is unable to find the requested action "edit".' in D:\work\yii_article\framework\web\CController.php:483
Stack trace:
#0 D:\work\yii_article\framework\web\CController.php(270): CController->missingAction('edit')
#1 D:\work\yii_article\framework\web\CWebApplication.php(282): CController->run('edit')
#2 D:\work\yii_article\framework\web\CWebApplication.php(141): CWebApplication->runController('admin/article/e...')
#3 D:\work\yii_article\framework\base\CApplication.php(169): CWebApplication->processRequest()
#4 D:\work\yii_article\blog\index.php(14): CApplication->run()
#5 {main}
REQUEST_URI=/blog/index.php?r=admin/article/edit&aid=6
HTTP_REFERER=http://yii.com/blog/index.php?r=admin/article/index
---
2013/12/24 14:54:16 [error] [php] Invalid argument supplied for foreach() (D:\work\yii_article\blog\protected\views\index\index.php:9)
Stack trace:
#0 D:\work\yii_article\framework\web\CController.php(869): IndexController->renderFile()
#1 D:\work\yii_article\framework\web\CController.php(782): IndexController->renderPartial()
#2 D:\work\yii_article\blog\protected\controllers\IndexController.php(9): IndexController->render()
#3 D:\work\yii_article\framework\web\actions\CInlineAction.php(49): IndexController->actionIndex()
#4 D:\work\yii_article\framework\web\CController.php(308): CInlineAction->runWithParams()
#5 D:\work\yii_article\framework\web\CController.php(286): IndexController->runAction()
#6 D:\work\yii_article\framework\web\CController.php(265): IndexController->runActionWithFilters()
#7 D:\work\yii_article\framework\web\CWebApplication.php(282): IndexController->run()
#8 D:\work\yii_article\framework\web\CWebApplication.php(141): CWebApplication->runController()
#9 D:\work\yii_article\framework\base\CApplication.php(169): CWebApplication->processRequest()
#10 D:\work\yii_article\blog\index.php(14): CWebApplication->run()
REQUEST_URI=/blog/
in D:\work\yii_article\blog\protected\views\index\index.php (9)
in D:\work\yii_article\blog\protected\controllers\IndexController.php (9)
in D:\work\yii_article\blog\index.php (14)
2013/12/24 15:50:48 [error] [exception.CException] exception 'CException' with message 'Property "Article.cname" is not defined.' in D:\work\yii_article\framework\base\CComponent.php:130
Stack trace:
#0 D:\work\yii_article\framework\db\ar\CActiveRecord.php(143): CComponent->__get('cname')
#1 D:\work\yii_article\blog\protected\models\Article.php(60): CActiveRecord->__get('cname')
#2 D:\work\yii_article\blog\protected\views\layouts\blog.php(19): Article->common()
#3 D:\work\yii_article\framework\web\CBaseController.php(126): require('D:\work\yii_art...')
#4 D:\work\yii_article\framework\web\CBaseController.php(95): CBaseController->renderInternal('D:\work\yii_art...', Array, true)
#5 D:\work\yii_article\framework\web\CController.php(784): CBaseController->renderFile('D:\work\yii_art...', Array, true)
#6 D:\work\yii_article\blog\protected\controllers\IndexController.php(25): CController->render('index', Array)
#7 D:\work\yii_article\framework\web\actions\CInlineAction.php(49): IndexController->actionIndex()
#8 D:\work\yii_article\framework\web\CController.php(308): CInlineAction->runWithParams(Array)
#9 D:\work\yii_article\framework\web\CController.php(286): CController->runAction(Object(CInlineAction))
#10 D:\work\yii_article\framework\web\CController.php(265): CController->runActionWithFilters(Object(CInlineAction), Array)
#11 D:\work\yii_article\framework\web\CWebApplication.php(282): CController->run('')
#12 D:\work\yii_article\framework\web\CWebApplication.php(141): CWebApplication->runController('')
#13 D:\work\yii_article\framework\base\CApplication.php(169): CWebApplication->processRequest()
#14 D:\work\yii_article\blog\index.php(14): CApplication->run()
#15 {main}
REQUEST_URI=/blog/
---
2013/12/24 16:01:11 [error] [php] Invalid argument supplied for foreach() (D:\work\yii_article\blog\protected\views\cate\index.php:4)
Stack trace:
#0 D:\work\yii_article\framework\web\CController.php(869): CateController->renderFile()
#1 D:\work\yii_article\framework\web\CController.php(782): CateController->renderPartial()
#2 D:\work\yii_article\blog\protected\controllers\CateController.php(9): CateController->render()
#3 D:\work\yii_article\framework\web\actions\CInlineAction.php(49): CateController->actionIndex()
#4 D:\work\yii_article\framework\web\CController.php(308): CInlineAction->runWithParams()
#5 D:\work\yii_article\framework\web\CController.php(286): CateController->runAction()
#6 D:\work\yii_article\framework\web\CController.php(265): CateController->runActionWithFilters()
#7 D:\work\yii_article\framework\web\CWebApplication.php(282): CateController->run()
#8 D:\work\yii_article\framework\web\CWebApplication.php(141): CWebApplication->runController()
#9 D:\work\yii_article\framework\base\CApplication.php(169): CWebApplication->processRequest()
#10 D:\work\yii_article\blog\index.php(14): CWebApplication->run()
REQUEST_URI=/blog/index.php?r=cate/index&cid=1
in D:\work\yii_article\blog\protected\views\cate\index.php (4)
in D:\work\yii_article\blog\protected\controllers\CateController.php (9)
in D:\work\yii_article\blog\index.php (14)
